<?xml version="1.0" encoding="UTF-8"?>
<!-- Generated by org.testng.reporters.JUnitXMLReporter -->
<testsuite ignored="0" hostname="HP-LAPTOP" failures="0" tests="24" name="Default test" time="85.224" errors="0" timestamp="2021-04-19T11:24:41 IST">
  <testcase classname="com.ul.qa.testcases.ValidateBookDetails" name="homePageTitleTest" time="8.036"/>
  <testcase classname="com.ul.qa.testcases.ValidateBookDetails" name="closePopUpTest" time="4.216"/>
  <testcase classname="com.ul.qa.testcases.ValidateBookDetails" name="searchBoxTest" time="2.294"/>
  <testcase classname="com.ul.qa.testcases.ValidateBookDetails" name="searchButtonTest" time="4.812"/>
  <testcase classname="com.ul.qa.testcases.ValidateBookDetails" name="categoryTest" time="4.467"/>
  <testcase classname="com.ul.qa.testcases.ValidateBookDetails" name="amountTest" time="2.85"/>
  <testcase classname="com.ul.qa.testcases.ValidateBookDetails" name="storageTypeTest" time="4.248"/>
  <testcase classname="com.ul.qa.testcases.ValidateBookDetails" name="outOfStockTest" time="2.169"/>
  <testcase classname="com.ul.qa.testcases.ValidateBookDetails" name="screenShotTest1" time="1.106"/>
  <testcase classname="com.ul.qa.testcases.ValidateBookDetails" name="bookDetailsTest" time="2.565"/>
  <testcase classname="com.ul.qa.testcases.ValidateBookDetails" name="CollectionButtonTest" time="0.163"/>
  <testcase classname="com.ul.qa.testcases.ValidateBookDetails" name="subMenuTest" time="5.234"/>
  <testcase classname="com.ul.qa.testcases.ValidateBookDetails" name="studyChairsTest" time="4.07"/>
  <testcase classname="com.ul.qa.testcases.ValidateBookDetails" name="studyChairsDisplayTest" time="1.602"/>
  <testcase classname="com.ul.qa.testcases.ValidateBookDetails" name="screenShotTest2" time="0.643"/>
  <testcase classname="com.ul.qa.testcases.ValidateBookDetails" name="GiftCardButtonTest" time="11.559"/>
  <testcase classname="com.ul.qa.testcases.ValidateBookDetails" name="selectCardTest" time="0.189"/>
  <testcase classname="com.ul.qa.testcases.ValidateBookDetails" name="AmountTextBoxTest" time="0.27"/>
  <testcase classname="com.ul.qa.testcases.ValidateBookDetails" name="RecipientNameTest" time="0.234"/>
  <testcase classname="com.ul.qa.testcases.ValidateBookDetails" name="RecipientEmailTest" time="0.289"/>
  <testcase classname="com.ul.qa.testcases.ValidateBookDetails" name="senderNameTest" time="0.28"/>
  <testcase classname="com.ul.qa.testcases.ValidateBookDetails" name="senderNoTest" time="0.221"/>
  <testcase classname="com.ul.qa.testcases.ValidateBookDetails" name="errorMessageTest" time="0.469"/>
  <testcase classname="com.ul.qa.testcases.ValidateBookDetails" name="screenShotTest" time="0.763"/>
</testsuite> <!-- Default test -->
