<?xml version="1.0" encoding="UTF-8"?>
<testsuite xmlns:xsi="http://www.w3.org/2001/XMLSchema-instance" xsi:noNamespaceSchemaLocation="https://maven.apache.org/surefire/maven-surefire-plugin/xsd/surefire-test-report.xsd" name="TestSuite" time="105.713" tests="24" errors="0" skipped="0" failures="0">
  <properties>
[...]
</properties>
  <testcase name="homePageTitleTest" classname="com.ul.qa.testcases.ValidateBookDetails" time="8.023"/>
  <testcase name="closePopUpTest" classname="com.ul.qa.testcases.ValidateBookDetails" time="4.13"/>
  <testcase name="searchBoxTest" classname="com.ul.qa.testcases.ValidateBookDetails" time="2.173"/>
  <testcase name="searchButtonTest" classname="com.ul.qa.testcases.ValidateBookDetails" time="14.656"/>
  <testcase name="categoryTest" classname="com.ul.qa.testcases.ValidateBookDetails" time="4.263"/>
  <testcase name="amountTest" classname="com.ul.qa.testcases.ValidateBookDetails" time="2.892"/>
  <testcase name="storageTypeTest" classname="com.ul.qa.testcases.ValidateBookDetails" time="4.381"/>
  <testcase name="outOfStockTest" classname="com.ul.qa.testcases.ValidateBookDetails" time="2.12"/>
  <testcase name="screenShotTest1" classname="com.ul.qa.testcases.ValidateBookDetails" time="1.145"/>
  <testcase name="bookDetailsTest" classname="com.ul.qa.testcases.ValidateBookDetails" time="1.993"/>
  <testcase name="CollectionButtonTest" classname="com.ul.qa.testcases.ValidateBookDetails" time="0.144"/>
  <testcase name="subMenuTest" classname="com.ul.qa.testcases.ValidateBookDetails" time="5.241"/>
  <testcase name="studyChairsTest" classname="com.ul.qa.testcases.ValidateBookDetails" time="6.303"/>
  <testcase name="studyChairsDisplayTest" classname="com.ul.qa.testcases.ValidateBookDetails" time="1.31"/>
  <testcase name="screenShotTest2" classname="com.ul.qa.testcases.ValidateBookDetails" time="0.711"/>
  <testcase name="GiftCardButtonTest" classname="com.ul.qa.testcases.ValidateBookDetails" time="15.989"/>
  <testcase name="selectCardTest" classname="com.ul.qa.testcases.ValidateBookDetails" time="0.201"/>
  <testcase name="AmountTextBoxTest" classname="com.ul.qa.testcases.ValidateBookDetails" time="0.236"/>
  <testcase name="RecipientNameTest" classname="com.ul.qa.testcases.ValidateBookDetails" time="0.224"/>
  <testcase name="RecipientEmailTest" classname="com.ul.qa.testcases.ValidateBookDetails" time="0.199"/>
  <testcase name="senderNameTest" classname="com.ul.qa.testcases.ValidateBookDetails" time="0.214"/>
  <testcase name="senderNoTest" classname="com.ul.qa.testcases.ValidateBookDetails" time="0.197"/>
  <testcase name="errorMessageTest" classname="com.ul.qa.testcases.ValidateBookDetails" time="0.59"/>
  <testcase name="screenShotTest" classname="com.ul.qa.testcases.ValidateBookDetails" time="0.77"/>
</testsuite>