<?xml version="1.0" encoding="UTF-8"?>
<!-- Generated by org.testng.reporters.JUnitXMLReporter -->
<testsuite ignored="0" hostname="HP-LAPTOP" failures="0" tests="24" name="Test" time="103.328" errors="0" timestamp="2021-04-19T11:29:31 IST">
  <testcase classname="com.ul.qa.testcases.ValidateBookDetails" name="homePageTitleTest" time="8.022"/>
  <testcase classname="com.ul.qa.testcases.ValidateBookDetails" name="closePopUpTest" time="4.129"/>
  <testcase classname="com.ul.qa.testcases.ValidateBookDetails" name="searchBoxTest" time="2.172"/>
  <testcase classname="com.ul.qa.testcases.ValidateBookDetails" name="searchButtonTest" time="14.655"/>
  <testcase classname="com.ul.qa.testcases.ValidateBookDetails" name="categoryTest" time="4.262"/>
  <testcase classname="com.ul.qa.testcases.ValidateBookDetails" name="amountTest" time="2.893"/>
  <testcase classname="com.ul.qa.testcases.ValidateBookDetails" name="storageTypeTest" time="4.381"/>
  <testcase classname="com.ul.qa.testcases.ValidateBookDetails" name="outOfStockTest" time="2.119"/>
  <testcase classname="com.ul.qa.testcases.ValidateBookDetails" name="screenShotTest1" time="1.146"/>
  <testcase classname="com.ul.qa.testcases.ValidateBookDetails" name="bookDetailsTest" time="1.991"/>
  <testcase classname="com.ul.qa.testcases.ValidateBookDetails" name="CollectionButtonTest" time="0.143"/>
  <testcase classname="com.ul.qa.testcases.ValidateBookDetails" name="subMenuTest" time="5.241"/>
  <testcase classname="com.ul.qa.testcases.ValidateBookDetails" name="studyChairsTest" time="6.304"/>
  <testcase classname="com.ul.qa.testcases.ValidateBookDetails" name="studyChairsDisplayTest" time="1.309"/>
  <testcase classname="com.ul.qa.testcases.ValidateBookDetails" name="screenShotTest2" time="0.71"/>
  <testcase classname="com.ul.qa.testcases.ValidateBookDetails" name="GiftCardButtonTest" time="15.989"/>
  <testcase classname="com.ul.qa.testcases.ValidateBookDetails" name="selectCardTest" time="0.201"/>
  <testcase classname="com.ul.qa.testcases.ValidateBookDetails" name="AmountTextBoxTest" time="0.235"/>
  <testcase classname="com.ul.qa.testcases.ValidateBookDetails" name="RecipientNameTest" time="0.224"/>
  <testcase classname="com.ul.qa.testcases.ValidateBookDetails" name="RecipientEmailTest" time="0.199"/>
  <testcase classname="com.ul.qa.testcases.ValidateBookDetails" name="senderNameTest" time="0.214"/>
  <testcase classname="com.ul.qa.testcases.ValidateBookDetails" name="senderNoTest" time="0.196"/>
  <testcase classname="com.ul.qa.testcases.ValidateBookDetails" name="errorMessageTest" time="0.59"/>
  <testcase classname="com.ul.qa.testcases.ValidateBookDetails" name="screenShotTest" time="0.769"/>
</testsuite> <!-- Test -->
